<?xml version="1.0" encoding="UTF-8"?>
<!-- Generated by org.testng.reporters.JUnitReportReporter -->
<testsuite hostname="DESKTOP-8313LRD" failures="0" tests="1" name="testngPrograms.DemoTest" time="0.006" errors="0" timestamp="2020-07-23T15:11:13 PDT" skipped="0">
  <testcase classname="testngPrograms.DemoTest" name="run" time="0.006"/>
</testsuite> <!-- testngPrograms.DemoTest -->
